{"/Users/jaronmauriciocascanteperez/Documents/Udemy/React/Class_13/rest_api_node_ts_server/src/router.ts": {"path":"/Users/jaronmauriciocascanteperez/Documents/Udemy/React/Class_13/rest_api_node_ts_server/src/router.ts","statementMap":{"0":{"start":{"line":1,"column":0},"end":{"line":1,"column":32}},"1":{"start":{"line":2,"column":0},"end":{"line":2,"column":130}},"2":{"start":{"line":3,"column":0},"end":{"line":3,"column":47}},"3":{"start":{"line":4,"column":0},"end":{"line":4,"column":47}},"4":{"start":{"line":6,"column":15},"end":{"line":6,"column":23}},"5":{"start":{"line":9,"column":0},"end":{"line":9,"column":null}},"6":{"start":{"line":10,"column":0},"end":{"line":13,"column":null}},"7":{"start":{"line":15,"column":0},"end":{"line":24,"column":null}},"8":{"start":{"line":21,"column":25},"end":{"line":21,"column":34}},"9":{"start":{"line":26,"column":0},"end":{"line":38,"column":null}},"10":{"start":{"line":33,"column":25},"end":{"line":33,"column":34}},"11":{"start":{"line":40,"column":0},"end":{"line":44,"column":null}},"12":{"start":{"line":46,"column":0},"end":{"line":50,"column":null}},"13":{"start":{"line":52,"column":0},"end":{"line":52,"column":null}}},"fnMap":{"0":{"name":"(anonymous_0)","decl":{"start":{"line":21,"column":16},"end":{"line":21,"column":21}},"loc":{"start":{"line":21,"column":25},"end":{"line":21,"column":34}}},"1":{"name":"(anonymous_1)","decl":{"start":{"line":33,"column":16},"end":{"line":33,"column":21}},"loc":{"start":{"line":33,"column":25},"end":{"line":33,"column":34}}}},"branchMap":{},"s":{"0":2,"1":2,"2":2,"3":2,"4":2,"5":2,"6":2,"7":2,"8":4,"9":2,"10":5,"11":2,"12":2,"13":2},"f":{"0":4,"1":5},"b":{}}
,"/Users/jaronmauriciocascanteperez/Documents/Udemy/React/Class_13/rest_api_node_ts_server/src/server.ts": {"path":"/Users/jaronmauriciocascanteperez/Documents/Udemy/React/Class_13/rest_api_node_ts_server/src/server.ts","statementMap":{"0":{"start":{"line":9,"column":0},"end":{"line":9,"column":7}},"1":{"start":{"line":1,"column":0},"end":{"line":1,"column":30}},"2":{"start":{"line":2,"column":0},"end":{"line":2,"column":30}},"3":{"start":{"line":3,"column":0},"end":{"line":3,"column":29}},"4":{"start":{"line":4,"column":0},"end":{"line":4,"column":28}},"5":{"start":{"line":10,"column":4},"end":{"line":16,"column":5}},"6":{"start":{"line":11,"column":8},"end":{"line":11,"column":null}},"7":{"start":{"line":12,"column":8},"end":{"line":12,"column":null}},"8":{"start":{"line":15,"column":8},"end":{"line":15,"column":null}},"9":{"start":{"line":19,"column":0},"end":{"line":19,"column":null}},"10":{"start":{"line":22,"column":15},"end":{"line":22,"column":24}},"11":{"start":{"line":25,"column":0},"end":{"line":25,"column":null}},"12":{"start":{"line":27,"column":0},"end":{"line":27,"column":null}},"13":{"start":{"line":29,"column":0},"end":{"line":31,"column":null}},"14":{"start":{"line":30,"column":4},"end":{"line":30,"column":null}},"15":{"start":{"line":33,"column":0},"end":{"line":33,"column":null}}},"fnMap":{"0":{"name":"conectDB","decl":{"start":{"line":9,"column":22},"end":{"line":9,"column":30}},"loc":{"start":{"line":9,"column":30},"end":{"line":18,"column":1}}},"1":{"name":"(anonymous_2)","decl":{"start":{"line":29,"column":19},"end":{"line":29,"column":20}},"loc":{"start":{"line":29,"column":32},"end":{"line":31,"column":1}}}},"branchMap":{},"s":{"0":2,"1":2,"2":2,"3":2,"4":2,"5":3,"6":3,"7":2,"8":1,"9":2,"10":2,"11":2,"12":2,"13":2,"14":1,"15":2},"f":{"0":3,"1":1},"b":{}}
,"/Users/jaronmauriciocascanteperez/Documents/Udemy/React/Class_13/rest_api_node_ts_server/src/config/db.ts": {"path":"/Users/jaronmauriciocascanteperez/Documents/Udemy/React/Class_13/rest_api_node_ts_server/src/config/db.ts","statementMap":{"0":{"start":{"line":1,"column":0},"end":{"line":1,"column":49}},"1":{"start":{"line":2,"column":0},"end":{"line":2,"column":27}},"2":{"start":{"line":4,"column":0},"end":{"line":4,"column":null}},"3":{"start":{"line":6,"column":11},"end":{"line":9,"column":2}},"4":{"start":{"line":11,"column":0},"end":{"line":11,"column":null}}},"fnMap":{},"branchMap":{},"s":{"0":2,"1":2,"2":2,"3":2,"4":2},"f":{},"b":{}}
,"/Users/jaronmauriciocascanteperez/Documents/Udemy/React/Class_13/rest_api_node_ts_server/src/handlers/product.ts": {"path":"/Users/jaronmauriciocascanteperez/Documents/Udemy/React/Class_13/rest_api_node_ts_server/src/handlers/product.ts","statementMap":{"0":{"start":{"line":2,"column":0},"end":{"line":2,"column":46}},"1":{"start":{"line":5,"column":27},"end":{"line":14,"column":1}},"2":{"start":{"line":6,"column":4},"end":{"line":13,"column":5}},"3":{"start":{"line":7,"column":24},"end":{"line":9,"column":10}},"4":{"start":{"line":10,"column":8},"end":{"line":10,"column":null}},"5":{"start":{"line":5,"column":13},"end":{"line":5,"column":27}},"6":{"start":{"line":16,"column":31},"end":{"line":34,"column":1}},"7":{"start":{"line":17,"column":4},"end":{"line":33,"column":5}},"8":{"start":{"line":18,"column":23},"end":{"line":18,"column":33}},"9":{"start":{"line":19,"column":24},"end":{"line":22,"column":14}},"10":{"start":{"line":24,"column":8},"end":{"line":28,"column":9}},"11":{"start":{"line":25,"column":12},"end":{"line":27,"column":null}},"12":{"start":{"line":30,"column":8},"end":{"line":30,"column":null}},"13":{"start":{"line":16,"column":13},"end":{"line":16,"column":31}},"14":{"start":{"line":36,"column":29},"end":{"line":44,"column":1}},"15":{"start":{"line":38,"column":4},"end":{"line":43,"column":5}},"16":{"start":{"line":39,"column":24},"end":{"line":39,"column":54}},"17":{"start":{"line":40,"column":8},"end":{"line":40,"column":null}},"18":{"start":{"line":36,"column":13},"end":{"line":36,"column":29}},"19":{"start":{"line":46,"column":29},"end":{"line":65,"column":1}},"20":{"start":{"line":47,"column":4},"end":{"line":64,"column":5}},"21":{"start":{"line":48,"column":23},"end":{"line":48,"column":33}},"22":{"start":{"line":49,"column":24},"end":{"line":52,"column":14}},"23":{"start":{"line":54,"column":8},"end":{"line":58,"column":9}},"24":{"start":{"line":55,"column":12},"end":{"line":57,"column":null}},"25":{"start":{"line":59,"column":8},"end":{"line":59,"column":null}},"26":{"start":{"line":60,"column":8},"end":{"line":60,"column":null}},"27":{"start":{"line":61,"column":8},"end":{"line":61,"column":null}},"28":{"start":{"line":46,"column":13},"end":{"line":46,"column":29}},"29":{"start":{"line":67,"column":34},"end":{"line":86,"column":1}},"30":{"start":{"line":68,"column":4},"end":{"line":85,"column":5}},"31":{"start":{"line":69,"column":23},"end":{"line":69,"column":33}},"32":{"start":{"line":70,"column":24},"end":{"line":73,"column":14}},"33":{"start":{"line":75,"column":8},"end":{"line":79,"column":9}},"34":{"start":{"line":76,"column":12},"end":{"line":78,"column":null}},"35":{"start":{"line":80,"column":8},"end":{"line":80,"column":null}},"36":{"start":{"line":81,"column":8},"end":{"line":81,"column":null}},"37":{"start":{"line":82,"column":8},"end":{"line":82,"column":null}},"38":{"start":{"line":67,"column":13},"end":{"line":67,"column":34}},"39":{"start":{"line":88,"column":29},"end":{"line":106,"column":1}},"40":{"start":{"line":89,"column":4},"end":{"line":105,"column":5}},"41":{"start":{"line":90,"column":23},"end":{"line":90,"column":33}},"42":{"start":{"line":91,"column":24},"end":{"line":94,"column":14}},"43":{"start":{"line":96,"column":8},"end":{"line":100,"column":9}},"44":{"start":{"line":97,"column":12},"end":{"line":99,"column":null}},"45":{"start":{"line":101,"column":8},"end":{"line":101,"column":null}},"46":{"start":{"line":102,"column":8},"end":{"line":102,"column":null}},"47":{"start":{"line":88,"column":13},"end":{"line":88,"column":29}}},"fnMap":{"0":{"name":"(anonymous_1)","decl":{"start":{"line":5,"column":27},"end":{"line":5,"column":32}},"loc":{"start":{"line":5,"column":65},"end":{"line":14,"column":1}}},"1":{"name":"(anonymous_2)","decl":{"start":{"line":16,"column":31},"end":{"line":16,"column":36}},"loc":{"start":{"line":16,"column":69},"end":{"line":34,"column":1}}},"2":{"name":"(anonymous_3)","decl":{"start":{"line":36,"column":29},"end":{"line":36,"column":34}},"loc":{"start":{"line":36,"column":67},"end":{"line":44,"column":1}}},"3":{"name":"(anonymous_4)","decl":{"start":{"line":46,"column":29},"end":{"line":46,"column":34}},"loc":{"start":{"line":46,"column":67},"end":{"line":65,"column":1}}},"4":{"name":"(anonymous_5)","decl":{"start":{"line":67,"column":34},"end":{"line":67,"column":39}},"loc":{"start":{"line":67,"column":72},"end":{"line":86,"column":1}}},"5":{"name":"(anonymous_6)","decl":{"start":{"line":88,"column":29},"end":{"line":88,"column":34}},"loc":{"start":{"line":88,"column":67},"end":{"line":106,"column":1}}}},"branchMap":{"0":{"loc":{"start":{"line":24,"column":8},"end":{"line":28,"column":9}},"type":"if","locations":[{"start":{"line":24,"column":8},"end":{"line":28,"column":9}}]},"1":{"loc":{"start":{"line":54,"column":8},"end":{"line":58,"column":9}},"type":"if","locations":[{"start":{"line":54,"column":8},"end":{"line":58,"column":9}}]},"2":{"loc":{"start":{"line":75,"column":8},"end":{"line":79,"column":9}},"type":"if","locations":[{"start":{"line":75,"column":8},"end":{"line":79,"column":9}}]},"3":{"loc":{"start":{"line":96,"column":8},"end":{"line":100,"column":9}},"type":"if","locations":[{"start":{"line":96,"column":8},"end":{"line":100,"column":9}}]}},"s":{"0":2,"1":2,"2":2,"3":2,"4":2,"5":2,"6":2,"7":2,"8":2,"9":2,"10":2,"11":1,"12":1,"13":2,"14":2,"15":1,"16":1,"17":1,"18":2,"19":2,"20":2,"21":2,"22":2,"23":2,"24":1,"25":1,"26":1,"27":1,"28":2,"29":2,"30":2,"31":2,"32":2,"33":2,"34":1,"35":1,"36":1,"37":1,"38":2,"39":2,"40":2,"41":2,"42":2,"43":2,"44":1,"45":1,"46":1,"47":2},"f":{"0":2,"1":2,"2":1,"3":2,"4":2,"5":2},"b":{"0":[1],"1":[1],"2":[1],"3":[1]}}
,"/Users/jaronmauriciocascanteperez/Documents/Udemy/React/Class_13/rest_api_node_ts_server/src/middleware/index.ts": {"path":"/Users/jaronmauriciocascanteperez/Documents/Udemy/React/Class_13/rest_api_node_ts_server/src/middleware/index.ts","statementMap":{"0":{"start":{"line":2,"column":0},"end":{"line":2,"column":52}},"1":{"start":{"line":4,"column":32},"end":{"line":10,"column":1}},"2":{"start":{"line":5,"column":17},"end":{"line":5,"column":38}},"3":{"start":{"line":6,"column":4},"end":{"line":8,"column":5}},"4":{"start":{"line":7,"column":8},"end":{"line":7,"column":null}},"5":{"start":{"line":9,"column":4},"end":{"line":9,"column":null}},"6":{"start":{"line":4,"column":13},"end":{"line":4,"column":32}}},"fnMap":{"0":{"name":"(anonymous_0)","decl":{"start":{"line":4,"column":32},"end":{"line":4,"column":33}},"loc":{"start":{"line":4,"column":84},"end":{"line":10,"column":1}}}},"branchMap":{"0":{"loc":{"start":{"line":6,"column":4},"end":{"line":8,"column":5}},"type":"if","locations":[{"start":{"line":6,"column":4},"end":{"line":8,"column":5}}]}},"s":{"0":2,"1":2,"2":17,"3":17,"4":8,"5":9,"6":2},"f":{"0":17},"b":{"0":[8]}}
,"/Users/jaronmauriciocascanteperez/Documents/Udemy/React/Class_13/rest_api_node_ts_server/src/models/Product.model.ts": {"path":"/Users/jaronmauriciocascanteperez/Documents/Udemy/React/Class_13/rest_api_node_ts_server/src/models/Product.model.ts","statementMap":{"0":{"start":{"line":1,"column":0},"end":{"line":1,"column":79}},"1":{"start":{"line":8,"column":0},"end":{"line":23,"column":null}},"2":{"start":{"line":12,"column":12},"end":{"line":12,"column":null}},"3":{"start":{"line":17,"column":12},"end":{"line":17,"column":null}},"4":{"start":{"line":22,"column":12},"end":{"line":22,"column":null}},"5":{"start":{"line":8,"column":6},"end":{"line":23,"column":null}},"6":{"start":{"line":25,"column":0},"end":{"line":25,"column":null}}},"fnMap":{},"branchMap":{},"s":{"0":3,"1":3,"2":3,"3":3,"4":3,"5":3,"6":3},"f":{},"b":{}}
}
